app/build/intermediates/manifest_merge_blame_file/debug/manifest-merger-blame-debug-report.txt
1<?xml version="1.0" encoding="utf-8"?>
2<manifest xmlns:android="http://schemas.android.com/apk/res/android"
3    package="com.example.foodapp"
4    android:versionCode="1"
5    android:versionName="1.0" >
6
7    <uses-sdk
8        android:minSdkVersion="21"
8-->src\main\AndroidManifest.xml
9        android:targetSdkVersion="33" />
9-->src\main\AndroidManifest.xml
10
11    <uses-permission android:name="android.permission.ACCESS_NETWORK_STATE" />
11-->src\main\AndroidManifest.xml:6:5-79
11-->src\main\AndroidManifest.xml:6:22-76
12    <uses-permission android:name="android.permission.ACCESS_WIFI_STATE" />
12-->src\main\AndroidManifest.xml:7:5-76
12-->src\main\AndroidManifest.xml:7:22-73
13    <uses-permission android:name="android.permission.INTERNET" />
13-->src\main\AndroidManifest.xml:8:5-67
13-->src\main\AndroidManifest.xml:8:22-64
14
15    <!-- Used to check if a browser is available before launching phone auth -->
16    <!-- See ui/phone/PhoneNumberVerificationHandler.isBrowserAvailable() -->
17    <queries>
17-->[com.firebaseui:firebase-ui-auth:8.0.2] AndroidManifest.xml:15:5-23:15
18        <intent>
18-->[com.firebaseui:firebase-ui-auth:8.0.2] AndroidManifest.xml:16:9-22:18
19            <action android:name="android.intent.action.VIEW" />
19-->[com.firebaseui:firebase-ui-auth:8.0.2] AndroidManifest.xml:17:13-65
19-->[com.firebaseui:firebase-ui-auth:8.0.2] AndroidManifest.xml:17:21-62
20
21            <category android:name="android.intent.category.BROWSABLE" />
21-->[com.firebaseui:firebase-ui-auth:8.0.2] AndroidManifest.xml:19:13-74
21-->[com.firebaseui:firebase-ui-auth:8.0.2] AndroidManifest.xml:19:23-71
22
23            <data android:scheme="http" />
23-->[com.firebaseui:firebase-ui-auth:8.0.2] AndroidManifest.xml:21:13-43
23-->[com.firebaseui:firebase-ui-auth:8.0.2] AndroidManifest.xml:21:19-40
24        </intent>
25    </queries>
26
27    <application
27-->src\main\AndroidManifest.xml:10:5-40:19
28        android:name="com.example.foodapp.BaseApplication"
28-->src\main\AndroidManifest.xml:11:9-40
29        android:allowBackup="true"
29-->src\main\AndroidManifest.xml:12:9-35
30        android:appComponentFactory="androidx.core.app.CoreComponentFactory"
30-->[androidx.core:core:1.8.0] AndroidManifest.xml:24:18-86
31        android:dataExtractionRules="@xml/data_extraction_rules"
31-->src\main\AndroidManifest.xml:13:9-65
32        android:debuggable="true"
33        android:fullBackupContent="@xml/backup_rules"
33-->src\main\AndroidManifest.xml:14:9-54
34        android:icon="@mipmap/ic_launcher"
34-->src\main\AndroidManifest.xml:15:9-43
35        android:label="@string/app_name"
35-->src\main\AndroidManifest.xml:16:9-41
36        android:roundIcon="@mipmap/ic_launcher_round"
36-->src\main\AndroidManifest.xml:17:9-54
37        android:supportsRtl="true"
37-->src\main\AndroidManifest.xml:18:9-35
38        android:testOnly="true"
39        android:theme="@style/Theme.FoodApp" >
39-->src\main\AndroidManifest.xml:19:9-45
40        <activity
40-->src\main\AndroidManifest.xml:21:9-23:40
41            android:name="com.example.foodapp.ui.product.MealActivity"
41-->src\main\AndroidManifest.xml:22:13-52
42            android:exported="false" />
42-->src\main\AndroidManifest.xml:23:13-37
43        <activity
43-->src\main\AndroidManifest.xml:24:9-26:40
44            android:name="com.example.foodapp.ui.DetailsMeals.ShowRandomMeals"
44-->src\main\AndroidManifest.xml:25:13-60
45            android:exported="false" />
45-->src\main\AndroidManifest.xml:26:13-37
46        <activity
46-->src\main\AndroidManifest.xml:27:9-29:40
47            android:name="com.example.foodapp.MainActivity"
47-->src\main\AndroidManifest.xml:28:13-41
48            android:exported="false" />
48-->src\main\AndroidManifest.xml:29:13-37
49        <activity
49-->src\main\AndroidManifest.xml:30:9-39:20
50            android:name="com.example.foodapp.UserAuthentication"
50-->src\main\AndroidManifest.xml:31:13-47
51            android:exported="true"
51-->src\main\AndroidManifest.xml:32:13-36
52            android:label="@string/app_name" >
52-->src\main\AndroidManifest.xml:33:13-45
53            <intent-filter>
53-->src\main\AndroidManifest.xml:34:13-38:29
54                <action android:name="android.intent.action.MAIN" />
54-->src\main\AndroidManifest.xml:35:17-69
54-->src\main\AndroidManifest.xml:35:25-66
55
56                <category android:name="android.intent.category.LAUNCHER" />
56-->src\main\AndroidManifest.xml:37:17-77
56-->src\main\AndroidManifest.xml:37:27-74
57            </intent-filter>
58        </activity>
59
60        <meta-data
60-->[com.firebaseui:firebase-ui-auth:8.0.2] AndroidManifest.xml:26:9-28:69
61            android:name="com.google.android.gms.version"
61-->[com.firebaseui:firebase-ui-auth:8.0.2] AndroidManifest.xml:27:13-58
62            android:value="@integer/google_play_services_version" />
62-->[com.firebaseui:firebase-ui-auth:8.0.2] AndroidManifest.xml:28:13-66
63        <meta-data
63-->[com.firebaseui:firebase-ui-auth:8.0.2] AndroidManifest.xml:29:9-31:63
64            android:name="com.facebook.sdk.ApplicationId"
64-->[com.firebaseui:firebase-ui-auth:8.0.2] AndroidManifest.xml:30:13-58
65            android:value="@string/facebook_application_id" />
65-->[com.firebaseui:firebase-ui-auth:8.0.2] AndroidManifest.xml:31:13-60
66
67        <activity
67-->[com.firebaseui:firebase-ui-auth:8.0.2] AndroidManifest.xml:33:9-37:61
68            android:name="com.firebase.ui.auth.KickoffActivity"
68-->[com.firebaseui:firebase-ui-auth:8.0.2] AndroidManifest.xml:34:13-64
69            android:exported="false"
69-->[com.firebaseui:firebase-ui-auth:8.0.2] AndroidManifest.xml:35:13-37
70            android:label=""
70-->[com.firebaseui:firebase-ui-auth:8.0.2] AndroidManifest.xml:36:13-29
71            android:theme="@style/FirebaseUI.Transparent" />
71-->[com.firebaseui:firebase-ui-auth:8.0.2] AndroidManifest.xml:37:13-58
72        <activity
72-->[com.firebaseui:firebase-ui-auth:8.0.2] AndroidManifest.xml:38:9-42:61
73            android:name="com.firebase.ui.auth.ui.idp.SingleSignInActivity"
73-->[com.firebaseui:firebase-ui-auth:8.0.2] AndroidManifest.xml:39:13-76
74            android:exported="false"
74-->[com.firebaseui:firebase-ui-auth:8.0.2] AndroidManifest.xml:40:13-37
75            android:label=""
75-->[com.firebaseui:firebase-ui-auth:8.0.2] AndroidManifest.xml:41:13-29
76            android:theme="@style/FirebaseUI.Transparent" />
76-->[com.firebaseui:firebase-ui-auth:8.0.2] AndroidManifest.xml:42:13-58
77        <activity
77-->[com.firebaseui:firebase-ui-auth:8.0.2] AndroidManifest.xml:43:9-47:61
78            android:name="com.firebase.ui.auth.ui.credentials.CredentialSaveActivity"
78-->[com.firebaseui:firebase-ui-auth:8.0.2] AndroidManifest.xml:44:13-86
79            android:exported="false"
79-->[com.firebaseui:firebase-ui-auth:8.0.2] AndroidManifest.xml:45:13-37
80            android:label=""
80-->[com.firebaseui:firebase-ui-auth:8.0.2] AndroidManifest.xml:46:13-29
81            android:theme="@style/FirebaseUI.Transparent" />
81-->[com.firebaseui:firebase-ui-auth:8.0.2] AndroidManifest.xml:47:13-58
82        <activity
82-->[com.firebaseui:firebase-ui-auth:8.0.2] AndroidManifest.xml:48:9-52:58
83            android:name="com.firebase.ui.auth.ui.email.RecoverPasswordActivity"
83-->[com.firebaseui:firebase-ui-auth:8.0.2] AndroidManifest.xml:49:13-81
84            android:exported="false"
84-->[com.firebaseui:firebase-ui-auth:8.0.2] AndroidManifest.xml:50:13-37
85            android:label="@string/fui_title_recover_password_activity"
85-->[com.firebaseui:firebase-ui-auth:8.0.2] AndroidManifest.xml:51:13-72
86            android:windowSoftInputMode="adjustResize" />
86-->[com.firebaseui:firebase-ui-auth:8.0.2] AndroidManifest.xml:52:13-55
87        <activity
87-->[com.firebaseui:firebase-ui-auth:8.0.2] AndroidManifest.xml:53:9-57:58
88            android:name="com.firebase.ui.auth.ui.email.EmailActivity"
88-->[com.firebaseui:firebase-ui-auth:8.0.2] AndroidManifest.xml:54:13-71
89            android:exported="false"
89-->[com.firebaseui:firebase-ui-auth:8.0.2] AndroidManifest.xml:55:13-37
90            android:label="@string/fui_sign_in_default"
90-->[com.firebaseui:firebase-ui-auth:8.0.2] AndroidManifest.xml:56:13-56
91            android:windowSoftInputMode="adjustResize" />
91-->[com.firebaseui:firebase-ui-auth:8.0.2] AndroidManifest.xml:57:13-55
92        <activity
92-->[com.firebaseui:firebase-ui-auth:8.0.2] AndroidManifest.xml:58:9-62:77
93            android:name="com.firebase.ui.auth.ui.phone.PhoneActivity"
93-->[com.firebaseui:firebase-ui-auth:8.0.2] AndroidManifest.xml:59:13-71
94            android:exported="false"
94-->[com.firebaseui:firebase-ui-auth:8.0.2] AndroidManifest.xml:60:13-37
95            android:label="@string/fui_sign_in_with_phone_number"
95-->[com.firebaseui:firebase-ui-auth:8.0.2] AndroidManifest.xml:61:13-66
96            android:windowSoftInputMode="adjustResize|stateAlwaysVisible" />
96-->[com.firebaseui:firebase-ui-auth:8.0.2] AndroidManifest.xml:62:13-74
97        <activity
97-->[com.firebaseui:firebase-ui-auth:8.0.2] AndroidManifest.xml:63:9-67:58
98            android:name="com.firebase.ui.auth.ui.idp.WelcomeBackIdpPrompt"
98-->[com.firebaseui:firebase-ui-auth:8.0.2] AndroidManifest.xml:64:13-76
99            android:exported="false"
99-->[com.firebaseui:firebase-ui-auth:8.0.2] AndroidManifest.xml:65:13-37
100            android:label="@string/fui_title_welcome_back_idp_prompt"
100-->[com.firebaseui:firebase-ui-auth:8.0.2] AndroidManifest.xml:66:13-70
101            android:windowSoftInputMode="adjustResize" />
101-->[com.firebaseui:firebase-ui-auth:8.0.2] AndroidManifest.xml:67:13-55
102        <activity
102-->[com.firebaseui:firebase-ui-auth:8.0.2] AndroidManifest.xml:68:9-72:58
103            android:name="com.firebase.ui.auth.ui.email.WelcomeBackPasswordPrompt"
103-->[com.firebaseui:firebase-ui-auth:8.0.2] AndroidManifest.xml:69:13-83
104            android:exported="false"
104-->[com.firebaseui:firebase-ui-auth:8.0.2] AndroidManifest.xml:70:13-37
105            android:label="@string/fui_title_welcome_back_password_prompt"
105-->[com.firebaseui:firebase-ui-auth:8.0.2] AndroidManifest.xml:71:13-75
106            android:windowSoftInputMode="adjustResize" />
106-->[com.firebaseui:firebase-ui-auth:8.0.2] AndroidManifest.xml:72:13-55
107        <activity
107-->[com.firebaseui:firebase-ui-auth:8.0.2] AndroidManifest.xml:73:9-77:58
108            android:name="com.firebase.ui.auth.ui.email.WelcomeBackEmailLinkPrompt"
108-->[com.firebaseui:firebase-ui-auth:8.0.2] AndroidManifest.xml:74:13-84
109            android:exported="false"
109-->[com.firebaseui:firebase-ui-auth:8.0.2] AndroidManifest.xml:75:13-37
110            android:label="@string/fui_title_welcome_back_password_prompt"
110-->[com.firebaseui:firebase-ui-auth:8.0.2] AndroidManifest.xml:76:13-75
111            android:windowSoftInputMode="adjustResize" />
111-->[com.firebaseui:firebase-ui-auth:8.0.2] AndroidManifest.xml:77:13-55
112        <activity
112-->[com.firebaseui:firebase-ui-auth:8.0.2] AndroidManifest.xml:78:9-83:58
113            android:name="com.firebase.ui.auth.ui.email.EmailLinkCatcherActivity"
113-->[com.firebaseui:firebase-ui-auth:8.0.2] AndroidManifest.xml:79:13-82
114            android:exported="false"
114-->[com.firebaseui:firebase-ui-auth:8.0.2] AndroidManifest.xml:80:13-37
115            android:label=""
115-->[com.firebaseui:firebase-ui-auth:8.0.2] AndroidManifest.xml:81:13-29
116            android:theme="@style/FirebaseUI.Transparent"
116-->[com.firebaseui:firebase-ui-auth:8.0.2] AndroidManifest.xml:82:13-58
117            android:windowSoftInputMode="adjustResize" />
117-->[com.firebaseui:firebase-ui-auth:8.0.2] AndroidManifest.xml:83:13-55
118        <activity
118-->[com.firebaseui:firebase-ui-auth:8.0.2] AndroidManifest.xml:84:9-88:58
119            android:name="com.firebase.ui.auth.ui.email.EmailLinkErrorRecoveryActivity"
119-->[com.firebaseui:firebase-ui-auth:8.0.2] AndroidManifest.xml:85:13-88
120            android:exported="false"
120-->[com.firebaseui:firebase-ui-auth:8.0.2] AndroidManifest.xml:86:13-37
121            android:label="@string/fui_sign_in_default"
121-->[com.firebaseui:firebase-ui-auth:8.0.2] AndroidManifest.xml:87:13-56
122            android:windowSoftInputMode="adjustResize" />
122-->[com.firebaseui:firebase-ui-auth:8.0.2] AndroidManifest.xml:88:13-55
123        <activity
123-->[com.firebaseui:firebase-ui-auth:8.0.2] AndroidManifest.xml:89:9-92:65
124            android:name="com.firebase.ui.auth.ui.idp.AuthMethodPickerActivity"
124-->[com.firebaseui:firebase-ui-auth:8.0.2] AndroidManifest.xml:90:13-80
125            android:exported="false"
125-->[com.firebaseui:firebase-ui-auth:8.0.2] AndroidManifest.xml:91:13-37
126            android:label="@string/fui_default_toolbar_title" />
126-->[com.firebaseui:firebase-ui-auth:8.0.2] AndroidManifest.xml:92:13-62
127        <activity
127-->[com.firebaseui:firebase-ui-auth:8.0.2] AndroidManifest.xml:93:9-97:48
128            android:name="com.facebook.FacebookActivity"
128-->[com.firebaseui:firebase-ui-auth:8.0.2] AndroidManifest.xml:94:13-57
129            android:configChanges="keyboard|keyboardHidden|screenLayout|screenSize|orientation"
129-->[com.firebaseui:firebase-ui-auth:8.0.2] AndroidManifest.xml:95:13-96
130            android:label="@string/app_name" />
130-->[com.firebaseui:firebase-ui-auth:8.0.2] AndroidManifest.xml:96:13-45
131        <activity
131-->[com.firebaseui:firebase-ui-auth:8.0.2] AndroidManifest.xml:98:9-110:20
132            android:name="com.facebook.CustomTabActivity"
132-->[com.firebaseui:firebase-ui-auth:8.0.2] AndroidManifest.xml:99:13-58
133            android:exported="true" >
133-->[com.firebaseui:firebase-ui-auth:8.0.2] AndroidManifest.xml:100:13-36
134            <intent-filter>
134-->[com.firebaseui:firebase-ui-auth:8.0.2] AndroidManifest.xml:102:13-109:29
135                <action android:name="android.intent.action.VIEW" />
135-->[com.firebaseui:firebase-ui-auth:8.0.2] AndroidManifest.xml:17:13-65
135-->[com.firebaseui:firebase-ui-auth:8.0.2] AndroidManifest.xml:17:21-62
136
137                <category android:name="android.intent.category.DEFAULT" />
137-->[com.firebaseui:firebase-ui-auth:8.0.2] AndroidManifest.xml:105:17-76
137-->[com.firebaseui:firebase-ui-auth:8.0.2] AndroidManifest.xml:105:27-73
138                <category android:name="android.intent.category.BROWSABLE" />
138-->[com.firebaseui:firebase-ui-auth:8.0.2] AndroidManifest.xml:19:13-74
138-->[com.firebaseui:firebase-ui-auth:8.0.2] AndroidManifest.xml:19:23-71
139
140                <data android:scheme="@string/facebook_login_protocol_scheme" />
140-->[com.firebaseui:firebase-ui-auth:8.0.2] AndroidManifest.xml:21:13-43
140-->[com.firebaseui:firebase-ui-auth:8.0.2] AndroidManifest.xml:21:19-40
141            </intent-filter>
142        </activity>
143
144        <provider
144-->[com.firebaseui:firebase-ui-auth:8.0.2] AndroidManifest.xml:112:9-116:38
145            android:name="com.firebase.ui.auth.data.client.AuthUiInitProvider"
145-->[com.firebaseui:firebase-ui-auth:8.0.2] AndroidManifest.xml:113:13-79
146            android:authorities="com.example.foodapp.authuiinitprovider"
146-->[com.firebaseui:firebase-ui-auth:8.0.2] AndroidManifest.xml:114:13-70
147            android:exported="false"
147-->[com.firebaseui:firebase-ui-auth:8.0.2] AndroidManifest.xml:115:13-37
148            android:initOrder="90" />
148-->[com.firebaseui:firebase-ui-auth:8.0.2] AndroidManifest.xml:116:13-35
149
150        <activity
150-->[com.google.firebase:firebase-auth:21.1.0] AndroidManifest.xml:27:9-44:20
151            android:name="com.google.firebase.auth.internal.GenericIdpActivity"
151-->[com.google.firebase:firebase-auth:21.1.0] AndroidManifest.xml:28:13-80
152            android:excludeFromRecents="true"
152-->[com.google.firebase:firebase-auth:21.1.0] AndroidManifest.xml:29:13-46
153            android:exported="true"
153-->[com.google.firebase:firebase-auth:21.1.0] AndroidManifest.xml:30:13-36
154            android:launchMode="singleTask"
154-->[com.google.firebase:firebase-auth:21.1.0] AndroidManifest.xml:31:13-44
155            android:theme="@android:style/Theme.Translucent.NoTitleBar" >
155-->[com.google.firebase:firebase-auth:21.1.0] AndroidManifest.xml:32:13-72
156            <intent-filter>
156-->[com.google.firebase:firebase-auth:21.1.0] AndroidManifest.xml:33:13-43:29
157                <action android:name="android.intent.action.VIEW" />
157-->[com.firebaseui:firebase-ui-auth:8.0.2] AndroidManifest.xml:17:13-65
157-->[com.firebaseui:firebase-ui-auth:8.0.2] AndroidManifest.xml:17:21-62
158
159                <category android:name="android.intent.category.DEFAULT" />
159-->[com.firebaseui:firebase-ui-auth:8.0.2] AndroidManifest.xml:105:17-76
159-->[com.firebaseui:firebase-ui-auth:8.0.2] AndroidManifest.xml:105:27-73
160                <category android:name="android.intent.category.BROWSABLE" />
160-->[com.firebaseui:firebase-ui-auth:8.0.2] AndroidManifest.xml:19:13-74
160-->[com.firebaseui:firebase-ui-auth:8.0.2] AndroidManifest.xml:19:23-71
161
162                <data
162-->[com.firebaseui:firebase-ui-auth:8.0.2] AndroidManifest.xml:21:13-43
163                    android:host="firebase.auth"
164                    android:path="/"
165                    android:scheme="genericidp" />
165-->[com.firebaseui:firebase-ui-auth:8.0.2] AndroidManifest.xml:21:19-40
166            </intent-filter>
167        </activity>
168        <activity
168-->[com.google.firebase:firebase-auth:21.1.0] AndroidManifest.xml:45:9-62:20
169            android:name="com.google.firebase.auth.internal.RecaptchaActivity"
169-->[com.google.firebase:firebase-auth:21.1.0] AndroidManifest.xml:46:13-79
170            android:excludeFromRecents="true"
170-->[com.google.firebase:firebase-auth:21.1.0] AndroidManifest.xml:47:13-46
171            android:exported="true"
171-->[com.google.firebase:firebase-auth:21.1.0] AndroidManifest.xml:48:13-36
172            android:launchMode="singleTask"
172-->[com.google.firebase:firebase-auth:21.1.0] AndroidManifest.xml:49:13-44
173            android:theme="@android:style/Theme.Translucent.NoTitleBar" >
173-->[com.google.firebase:firebase-auth:21.1.0] AndroidManifest.xml:50:13-72
174            <intent-filter>
174-->[com.google.firebase:firebase-auth:21.1.0] AndroidManifest.xml:51:13-61:29
175                <action android:name="android.intent.action.VIEW" />
175-->[com.firebaseui:firebase-ui-auth:8.0.2] AndroidManifest.xml:17:13-65
175-->[com.firebaseui:firebase-ui-auth:8.0.2] AndroidManifest.xml:17:21-62
176
177                <category android:name="android.intent.category.DEFAULT" />
177-->[com.firebaseui:firebase-ui-auth:8.0.2] AndroidManifest.xml:105:17-76
177-->[com.firebaseui:firebase-ui-auth:8.0.2] AndroidManifest.xml:105:27-73
178                <category android:name="android.intent.category.BROWSABLE" />
178-->[com.firebaseui:firebase-ui-auth:8.0.2] AndroidManifest.xml:19:13-74
178-->[com.firebaseui:firebase-ui-auth:8.0.2] AndroidManifest.xml:19:23-71
179
180                <data
180-->[com.firebaseui:firebase-ui-auth:8.0.2] AndroidManifest.xml:21:13-43
181                    android:host="firebase.auth"
182                    android:path="/"
183                    android:scheme="recaptcha" />
183-->[com.firebaseui:firebase-ui-auth:8.0.2] AndroidManifest.xml:21:19-40
184            </intent-filter>
185        </activity>
186
187        <service
187-->[com.google.firebase:firebase-auth:21.1.0] AndroidManifest.xml:64:9-70:19
188            android:name="com.google.firebase.components.ComponentDiscoveryService"
188-->[com.google.firebase:firebase-auth:21.1.0] AndroidManifest.xml:65:13-84
189            android:directBootAware="true"
189-->[com.google.firebase:firebase-common:20.2.0] AndroidManifest.xml:34:13-43
190            android:exported="false" >
190-->[com.google.firebase:firebase-auth:21.1.0] AndroidManifest.xml:66:13-37
191            <meta-data
191-->[com.google.firebase:firebase-auth:21.1.0] AndroidManifest.xml:67:13-69:85
192                android:name="com.google.firebase.components:com.google.firebase.auth.FirebaseAuthRegistrar"
192-->[com.google.firebase:firebase-auth:21.1.0] AndroidManifest.xml:68:17-109
193                android:value="com.google.firebase.components.ComponentRegistrar" />
193-->[com.google.firebase:firebase-auth:21.1.0] AndroidManifest.xml:69:17-82
194        </service>
195
196        <provider
196-->[com.google.firebase:firebase-common:20.2.0] AndroidManifest.xml:25:9-30:39
197            android:name="com.google.firebase.provider.FirebaseInitProvider"
197-->[com.google.firebase:firebase-common:20.2.0] AndroidManifest.xml:26:13-77
198            android:authorities="com.example.foodapp.firebaseinitprovider"
198-->[com.google.firebase:firebase-common:20.2.0] AndroidManifest.xml:27:13-72
199            android:directBootAware="true"
199-->[com.google.firebase:firebase-common:20.2.0] AndroidManifest.xml:28:13-43
200            android:exported="false"
200-->[com.google.firebase:firebase-common:20.2.0] AndroidManifest.xml:29:13-37
201            android:initOrder="100" />
201-->[com.google.firebase:firebase-common:20.2.0] AndroidManifest.xml:30:13-36
202
203        <activity
203-->[com.google.android.gms:play-services-auth:20.3.0] AndroidManifest.xml:23:9-27:75
204            android:name="com.google.android.gms.auth.api.signin.internal.SignInHubActivity"
204-->[com.google.android.gms:play-services-auth:20.3.0] AndroidManifest.xml:24:13-93
205            android:excludeFromRecents="true"
205-->[com.google.android.gms:play-services-auth:20.3.0] AndroidManifest.xml:25:13-46
206            android:exported="false"
206-->[com.google.android.gms:play-services-auth:20.3.0] AndroidManifest.xml:26:13-37
207            android:theme="@android:style/Theme.Translucent.NoTitleBar" />
207-->[com.google.android.gms:play-services-auth:20.3.0] AndroidManifest.xml:27:13-72
208        <!--
209            Service handling Google Sign-In user revocation. For apps that do not integrate with
210            Google Sign-In, this service will never be started.
211        -->
212        <service
212-->[com.google.android.gms:play-services-auth:20.3.0] AndroidManifest.xml:33:9-37:51
213            android:name="com.google.android.gms.auth.api.signin.RevocationBoundService"
213-->[com.google.android.gms:play-services-auth:20.3.0] AndroidManifest.xml:34:13-89
214            android:exported="true"
214-->[com.google.android.gms:play-services-auth:20.3.0] AndroidManifest.xml:35:13-36
215            android:permission="com.google.android.gms.auth.api.signin.permission.REVOCATION_NOTIFICATION"
215-->[com.google.android.gms:play-services-auth:20.3.0] AndroidManifest.xml:36:13-107
216            android:visibleToInstantApps="true" />
216-->[com.google.android.gms:play-services-auth:20.3.0] AndroidManifest.xml:37:13-48
217
218        <activity
218-->[com.google.android.gms:play-services-base:18.0.1] AndroidManifest.xml:20:9-22:45
219            android:name="com.google.android.gms.common.api.GoogleApiActivity"
219-->[com.google.android.gms:play-services-base:18.0.1] AndroidManifest.xml:20:19-85
220            android:exported="false"
220-->[com.google.android.gms:play-services-base:18.0.1] AndroidManifest.xml:22:19-43
221            android:theme="@android:style/Theme.Translucent.NoTitleBar" />
221-->[com.google.android.gms:play-services-base:18.0.1] AndroidManifest.xml:21:19-78
222
223        <provider
223-->[androidx.emoji2:emoji2:1.2.0] AndroidManifest.xml:24:9-32:20
224            android:name="androidx.startup.InitializationProvider"
224-->[androidx.emoji2:emoji2:1.2.0] AndroidManifest.xml:25:13-67
225            android:authorities="com.example.foodapp.androidx-startup"
225-->[androidx.emoji2:emoji2:1.2.0] AndroidManifest.xml:26:13-68
226            android:exported="false" >
226-->[androidx.emoji2:emoji2:1.2.0] AndroidManifest.xml:27:13-37
227            <meta-data
227-->[androidx.emoji2:emoji2:1.2.0] AndroidManifest.xml:29:13-31:52
228                android:name="androidx.emoji2.text.EmojiCompatInitializer"
228-->[androidx.emoji2:emoji2:1.2.0] AndroidManifest.xml:30:17-75
229                android:value="androidx.startup" />
229-->[androidx.emoji2:emoji2:1.2.0] AndroidManifest.xml:31:17-49
230            <meta-data
230-->[androidx.lifecycle:lifecycle-process:2.4.1] AndroidManifest.xml:31:13-33:52
231                android:name="androidx.lifecycle.ProcessLifecycleInitializer"
231-->[androidx.lifecycle:lifecycle-process:2.4.1] AndroidManifest.xml:32:17-78
232                android:value="androidx.startup" />
232-->[androidx.lifecycle:lifecycle-process:2.4.1] AndroidManifest.xml:33:17-49
233        </provider>
234
235        <uses-library
235-->[androidx.window:window:1.0.0] AndroidManifest.xml:25:9-27:40
236            android:name="androidx.window.extensions"
236-->[androidx.window:window:1.0.0] AndroidManifest.xml:26:13-54
237            android:required="false" />
237-->[androidx.window:window:1.0.0] AndroidManifest.xml:27:13-37
238        <uses-library
238-->[androidx.window:window:1.0.0] AndroidManifest.xml:28:9-30:40
239            android:name="androidx.window.sidecar"
239-->[androidx.window:window:1.0.0] AndroidManifest.xml:29:13-51
240            android:required="false" />
240-->[androidx.window:window:1.0.0] AndroidManifest.xml:30:13-37
241
242        <service
242-->[androidx.room:room-runtime:2.4.3] AndroidManifest.xml:25:9-28:40
243            android:name="androidx.room.MultiInstanceInvalidationService"
243-->[androidx.room:room-runtime:2.4.3] AndroidManifest.xml:26:13-74
244            android:directBootAware="true"
244-->[androidx.room:room-runtime:2.4.3] AndroidManifest.xml:27:13-43
245            android:exported="false" />
245-->[androidx.room:room-runtime:2.4.3] AndroidManifest.xml:28:13-37
246    </application>
247
248</manifest>